INFO:     Will watch for changes in these directories: ['/Users/chandrashekargattu/quantum-trading-ai/backend']
INFO:     Uvicorn running on http://0.0.0.0:8000 (Press CTRL+C to quit)
INFO:     Started reloader process [89252] using StatReload

A module that was compiled using NumPy 1.x cannot be run in
NumPy 2.2.6 as it may crash. To support both 1.x and 2.x
versions of NumPy, modules must be compiled with NumPy 2.0.
Some module may need to rebuild instead e.g. with 'pybind11>=2.12'.

If you are a user of the module, the easiest solution will be to
downgrade to 'numpy<2' or try to upgrade the affected module.
We expect that some modules will need time to support NumPy 2.

Traceback (most recent call last):  File "<string>", line 1, in <module>
  File "/Users/chandrashekargattu/.pyenv/versions/3.10.13/lib/python3.10/multiprocessing/spawn.py", line 116, in spawn_main
    exitcode = _main(fd, parent_sentinel)
  File "/Users/chandrashekargattu/.pyenv/versions/3.10.13/lib/python3.10/multiprocessing/spawn.py", line 129, in _main
    return self._bootstrap(parent_sentinel)
  File "/Users/chandrashekargattu/.pyenv/versions/3.10.13/lib/python3.10/multiprocessing/process.py", line 314, in _bootstrap
    self.run()
  File "/Users/chandrashekargattu/.pyenv/versions/3.10.13/lib/python3.10/multiprocessing/process.py", line 108, in run
    self._target(*self._args, **self._kwargs)
  File "/Users/chandrashekargattu/.pyenv/versions/3.10.13/lib/python3.10/site-packages/uvicorn/_subprocess.py", line 80, in subprocess_started
    target(sockets=sockets)
  File "/Users/chandrashekargattu/.pyenv/versions/3.10.13/lib/python3.10/site-packages/uvicorn/server.py", line 67, in run
    return asyncio.run(self.serve(sockets=sockets))
  File "/Users/chandrashekargattu/.pyenv/versions/3.10.13/lib/python3.10/asyncio/runners.py", line 44, in run
    return loop.run_until_complete(main)
  File "/Users/chandrashekargattu/.pyenv/versions/3.10.13/lib/python3.10/site-packages/uvicorn/server.py", line 71, in serve
    await self._serve(sockets)
  File "/Users/chandrashekargattu/.pyenv/versions/3.10.13/lib/python3.10/site-packages/uvicorn/server.py", line 78, in _serve
    config.load()
  File "/Users/chandrashekargattu/.pyenv/versions/3.10.13/lib/python3.10/site-packages/uvicorn/config.py", line 436, in load
    self.loaded_app = import_from_string(self.app)
  File "/Users/chandrashekargattu/.pyenv/versions/3.10.13/lib/python3.10/site-packages/uvicorn/importer.py", line 19, in import_from_string
    module = importlib.import_module(module_str)
  File "/Users/chandrashekargattu/.pyenv/versions/3.10.13/lib/python3.10/importlib/__init__.py", line 126, in import_module
    return _bootstrap._gcd_import(name[level:], package, level)
  File "/Users/chandrashekargattu/quantum-trading-ai/backend/app/main.py", line 12, in <module>
    from app.api.v1.api import api_router
  File "/Users/chandrashekargattu/quantum-trading-ai/backend/app/api/v1/api.py", line 22, in <module>
    from app.api.v1 import zerodha
  File "/Users/chandrashekargattu/quantum-trading-ai/backend/app/api/v1/zerodha.py", line 14, in <module>
    from app.services.loss_recovery_analyzer import LossRecoveryAnalyzer
  File "/Users/chandrashekargattu/quantum-trading-ai/backend/app/services/loss_recovery_analyzer.py", line 18, in <module>
    from app.services.gpt_market_analyzer import GPTMarketAnalyzerService
  File "/Users/chandrashekargattu/quantum-trading-ai/backend/app/services/gpt_market_analyzer.py", line 21, in <module>
    from transformers import pipeline
  File "/Users/chandrashekargattu/.pyenv/versions/3.10.13/lib/python3.10/site-packages/transformers/utils/import_utils.py", line 2292, in __getattr__
    module = self._get_module(self._class_to_module[name])
  File "/Users/chandrashekargattu/.pyenv/versions/3.10.13/lib/python3.10/site-packages/transformers/utils/import_utils.py", line 2320, in _get_module
    return importlib.import_module("." + module_name, self.__name__)
  File "/Users/chandrashekargattu/.pyenv/versions/3.10.13/lib/python3.10/importlib/__init__.py", line 126, in import_module
    return _bootstrap._gcd_import(name[level:], package, level)
  File "/Users/chandrashekargattu/.pyenv/versions/3.10.13/lib/python3.10/site-packages/transformers/pipelines/__init__.py", line 26, in <module>
    from ..image_processing_utils import BaseImageProcessor
  File "/Users/chandrashekargattu/.pyenv/versions/3.10.13/lib/python3.10/site-packages/transformers/image_processing_utils.py", line 22, in <module>
    from .image_transforms import center_crop, normalize, rescale
  File "/Users/chandrashekargattu/.pyenv/versions/3.10.13/lib/python3.10/site-packages/transformers/image_transforms.py", line 48, in <module>
    import tensorflow as tf
  File "/Users/chandrashekargattu/.pyenv/versions/3.10.13/lib/python3.10/site-packages/tensorflow/__init__.py", line 48, in <module>
    from tensorflow._api.v2 import __internal__
  File "/Users/chandrashekargattu/.pyenv/versions/3.10.13/lib/python3.10/site-packages/tensorflow/_api/v2/__internal__/__init__.py", line 8, in <module>
    from tensorflow._api.v2.__internal__ import autograph
  File "/Users/chandrashekargattu/.pyenv/versions/3.10.13/lib/python3.10/site-packages/tensorflow/_api/v2/__internal__/autograph/__init__.py", line 8, in <module>
    from tensorflow.python.autograph.core.ag_ctx import control_status_ctx # line: 34
  File "/Users/chandrashekargattu/.pyenv/versions/3.10.13/lib/python3.10/site-packages/tensorflow/python/autograph/core/ag_ctx.py", line 21, in <module>
    from tensorflow.python.autograph.utils import ag_logging
  File "/Users/chandrashekargattu/.pyenv/versions/3.10.13/lib/python3.10/site-packages/tensorflow/python/autograph/utils/__init__.py", line 17, in <module>
    from tensorflow.python.autograph.utils.context_managers import control_dependency_on_returns
  File "/Users/chandrashekargattu/.pyenv/versions/3.10.13/lib/python3.10/site-packages/tensorflow/python/autograph/utils/context_managers.py", line 19, in <module>
    from tensorflow.python.framework import ops
  File "/Users/chandrashekargattu/.pyenv/versions/3.10.13/lib/python3.10/site-packages/tensorflow/python/framework/ops.py", line 41, in <module>
    from tensorflow.python import pywrap_tfe
  File "/Users/chandrashekargattu/.pyenv/versions/3.10.13/lib/python3.10/site-packages/tensorflow/python/pywrap_tfe.py", line 25, in <module>
    from tensorflow.python._pywrap_tfe import *
AttributeError: _ARRAY_API not found

A module that was compiled using NumPy 1.x cannot be run in
NumPy 2.2.6 as it may crash. To support both 1.x and 2.x
versions of NumPy, modules must be compiled with NumPy 2.0.
Some module may need to rebuild instead e.g. with 'pybind11>=2.12'.

If you are a user of the module, the easiest solution will be to
downgrade to 'numpy<2' or try to upgrade the affected module.
We expect that some modules will need time to support NumPy 2.

Traceback (most recent call last):  File "<string>", line 1, in <module>
  File "/Users/chandrashekargattu/.pyenv/versions/3.10.13/lib/python3.10/multiprocessing/spawn.py", line 116, in spawn_main
    exitcode = _main(fd, parent_sentinel)
  File "/Users/chandrashekargattu/.pyenv/versions/3.10.13/lib/python3.10/multiprocessing/spawn.py", line 129, in _main
    return self._bootstrap(parent_sentinel)
  File "/Users/chandrashekargattu/.pyenv/versions/3.10.13/lib/python3.10/multiprocessing/process.py", line 314, in _bootstrap
    self.run()
  File "/Users/chandrashekargattu/.pyenv/versions/3.10.13/lib/python3.10/multiprocessing/process.py", line 108, in run
    self._target(*self._args, **self._kwargs)
  File "/Users/chandrashekargattu/.pyenv/versions/3.10.13/lib/python3.10/site-packages/uvicorn/_subprocess.py", line 80, in subprocess_started
    target(sockets=sockets)
  File "/Users/chandrashekargattu/.pyenv/versions/3.10.13/lib/python3.10/site-packages/uvicorn/server.py", line 67, in run
    return asyncio.run(self.serve(sockets=sockets))
  File "/Users/chandrashekargattu/.pyenv/versions/3.10.13/lib/python3.10/asyncio/runners.py", line 44, in run
    return loop.run_until_complete(main)
  File "/Users/chandrashekargattu/.pyenv/versions/3.10.13/lib/python3.10/site-packages/uvicorn/server.py", line 71, in serve
    await self._serve(sockets)
  File "/Users/chandrashekargattu/.pyenv/versions/3.10.13/lib/python3.10/site-packages/uvicorn/server.py", line 78, in _serve
    config.load()
  File "/Users/chandrashekargattu/.pyenv/versions/3.10.13/lib/python3.10/site-packages/uvicorn/config.py", line 436, in load
    self.loaded_app = import_from_string(self.app)
  File "/Users/chandrashekargattu/.pyenv/versions/3.10.13/lib/python3.10/site-packages/uvicorn/importer.py", line 19, in import_from_string
    module = importlib.import_module(module_str)
  File "/Users/chandrashekargattu/.pyenv/versions/3.10.13/lib/python3.10/importlib/__init__.py", line 126, in import_module
    return _bootstrap._gcd_import(name[level:], package, level)
  File "/Users/chandrashekargattu/quantum-trading-ai/backend/app/main.py", line 12, in <module>
    from app.api.v1.api import api_router
  File "/Users/chandrashekargattu/quantum-trading-ai/backend/app/api/v1/api.py", line 22, in <module>
    from app.api.v1 import zerodha
  File "/Users/chandrashekargattu/quantum-trading-ai/backend/app/api/v1/zerodha.py", line 14, in <module>
    from app.services.loss_recovery_analyzer import LossRecoveryAnalyzer
  File "/Users/chandrashekargattu/quantum-trading-ai/backend/app/services/loss_recovery_analyzer.py", line 18, in <module>
    from app.services.gpt_market_analyzer import GPTMarketAnalyzerService
  File "/Users/chandrashekargattu/quantum-trading-ai/backend/app/services/gpt_market_analyzer.py", line 21, in <module>
    from transformers import pipeline
  File "/Users/chandrashekargattu/.pyenv/versions/3.10.13/lib/python3.10/site-packages/transformers/utils/import_utils.py", line 2292, in __getattr__
    module = self._get_module(self._class_to_module[name])
  File "/Users/chandrashekargattu/.pyenv/versions/3.10.13/lib/python3.10/site-packages/transformers/utils/import_utils.py", line 2320, in _get_module
    return importlib.import_module("." + module_name, self.__name__)
  File "/Users/chandrashekargattu/.pyenv/versions/3.10.13/lib/python3.10/importlib/__init__.py", line 126, in import_module
    return _bootstrap._gcd_import(name[level:], package, level)
  File "/Users/chandrashekargattu/.pyenv/versions/3.10.13/lib/python3.10/site-packages/transformers/pipelines/__init__.py", line 26, in <module>
    from ..image_processing_utils import BaseImageProcessor
  File "/Users/chandrashekargattu/.pyenv/versions/3.10.13/lib/python3.10/site-packages/transformers/image_processing_utils.py", line 22, in <module>
    from .image_transforms import center_crop, normalize, rescale
  File "/Users/chandrashekargattu/.pyenv/versions/3.10.13/lib/python3.10/site-packages/transformers/image_transforms.py", line 48, in <module>
    import tensorflow as tf
  File "/Users/chandrashekargattu/.pyenv/versions/3.10.13/lib/python3.10/site-packages/tensorflow/__init__.py", line 48, in <module>
    from tensorflow._api.v2 import __internal__
  File "/Users/chandrashekargattu/.pyenv/versions/3.10.13/lib/python3.10/site-packages/tensorflow/_api/v2/__internal__/__init__.py", line 8, in <module>
    from tensorflow._api.v2.__internal__ import autograph
  File "/Users/chandrashekargattu/.pyenv/versions/3.10.13/lib/python3.10/site-packages/tensorflow/_api/v2/__internal__/autograph/__init__.py", line 8, in <module>
    from tensorflow.python.autograph.core.ag_ctx import control_status_ctx # line: 34
  File "/Users/chandrashekargattu/.pyenv/versions/3.10.13/lib/python3.10/site-packages/tensorflow/python/autograph/core/ag_ctx.py", line 21, in <module>
    from tensorflow.python.autograph.utils import ag_logging
  File "/Users/chandrashekargattu/.pyenv/versions/3.10.13/lib/python3.10/site-packages/tensorflow/python/autograph/utils/__init__.py", line 17, in <module>
    from tensorflow.python.autograph.utils.context_managers import control_dependency_on_returns
  File "/Users/chandrashekargattu/.pyenv/versions/3.10.13/lib/python3.10/site-packages/tensorflow/python/autograph/utils/context_managers.py", line 19, in <module>
    from tensorflow.python.framework import ops
  File "/Users/chandrashekargattu/.pyenv/versions/3.10.13/lib/python3.10/site-packages/tensorflow/python/framework/ops.py", line 44, in <module>
    from tensorflow.python.client import pywrap_tf_session
  File "/Users/chandrashekargattu/.pyenv/versions/3.10.13/lib/python3.10/site-packages/tensorflow/python/client/pywrap_tf_session.py", line 19, in <module>
    from tensorflow.python.client._pywrap_tf_session import *
AttributeError: _ARRAY_API not found

A module that was compiled using NumPy 1.x cannot be run in
NumPy 2.2.6 as it may crash. To support both 1.x and 2.x
versions of NumPy, modules must be compiled with NumPy 2.0.
Some module may need to rebuild instead e.g. with 'pybind11>=2.12'.

If you are a user of the module, the easiest solution will be to
downgrade to 'numpy<2' or try to upgrade the affected module.
We expect that some modules will need time to support NumPy 2.

Traceback (most recent call last):  File "<string>", line 1, in <module>
  File "/Users/chandrashekargattu/.pyenv/versions/3.10.13/lib/python3.10/multiprocessing/spawn.py", line 116, in spawn_main
    exitcode = _main(fd, parent_sentinel)
  File "/Users/chandrashekargattu/.pyenv/versions/3.10.13/lib/python3.10/multiprocessing/spawn.py", line 129, in _main
    return self._bootstrap(parent_sentinel)
  File "/Users/chandrashekargattu/.pyenv/versions/3.10.13/lib/python3.10/multiprocessing/process.py", line 314, in _bootstrap
    self.run()
  File "/Users/chandrashekargattu/.pyenv/versions/3.10.13/lib/python3.10/multiprocessing/process.py", line 108, in run
    self._target(*self._args, **self._kwargs)
  File "/Users/chandrashekargattu/.pyenv/versions/3.10.13/lib/python3.10/site-packages/uvicorn/_subprocess.py", line 80, in subprocess_started
    target(sockets=sockets)
  File "/Users/chandrashekargattu/.pyenv/versions/3.10.13/lib/python3.10/site-packages/uvicorn/server.py", line 67, in run
    return asyncio.run(self.serve(sockets=sockets))
  File "/Users/chandrashekargattu/.pyenv/versions/3.10.13/lib/python3.10/asyncio/runners.py", line 44, in run
    return loop.run_until_complete(main)
  File "/Users/chandrashekargattu/.pyenv/versions/3.10.13/lib/python3.10/site-packages/uvicorn/server.py", line 71, in serve
    await self._serve(sockets)
  File "/Users/chandrashekargattu/.pyenv/versions/3.10.13/lib/python3.10/site-packages/uvicorn/server.py", line 78, in _serve
    config.load()
  File "/Users/chandrashekargattu/.pyenv/versions/3.10.13/lib/python3.10/site-packages/uvicorn/config.py", line 436, in load
    self.loaded_app = import_from_string(self.app)
  File "/Users/chandrashekargattu/.pyenv/versions/3.10.13/lib/python3.10/site-packages/uvicorn/importer.py", line 19, in import_from_string
    module = importlib.import_module(module_str)
  File "/Users/chandrashekargattu/.pyenv/versions/3.10.13/lib/python3.10/importlib/__init__.py", line 126, in import_module
    return _bootstrap._gcd_import(name[level:], package, level)
  File "/Users/chandrashekargattu/quantum-trading-ai/backend/app/main.py", line 12, in <module>
    from app.api.v1.api import api_router
  File "/Users/chandrashekargattu/quantum-trading-ai/backend/app/api/v1/api.py", line 22, in <module>
    from app.api.v1 import zerodha
  File "/Users/chandrashekargattu/quantum-trading-ai/backend/app/api/v1/zerodha.py", line 14, in <module>
    from app.services.loss_recovery_analyzer import LossRecoveryAnalyzer
  File "/Users/chandrashekargattu/quantum-trading-ai/backend/app/services/loss_recovery_analyzer.py", line 18, in <module>
    from app.services.gpt_market_analyzer import GPTMarketAnalyzerService
  File "/Users/chandrashekargattu/quantum-trading-ai/backend/app/services/gpt_market_analyzer.py", line 21, in <module>
    from transformers import pipeline
  File "/Users/chandrashekargattu/.pyenv/versions/3.10.13/lib/python3.10/site-packages/transformers/utils/import_utils.py", line 2292, in __getattr__
    module = self._get_module(self._class_to_module[name])
  File "/Users/chandrashekargattu/.pyenv/versions/3.10.13/lib/python3.10/site-packages/transformers/utils/import_utils.py", line 2320, in _get_module
    return importlib.import_module("." + module_name, self.__name__)
  File "/Users/chandrashekargattu/.pyenv/versions/3.10.13/lib/python3.10/importlib/__init__.py", line 126, in import_module
    return _bootstrap._gcd_import(name[level:], package, level)
  File "/Users/chandrashekargattu/.pyenv/versions/3.10.13/lib/python3.10/site-packages/transformers/pipelines/__init__.py", line 26, in <module>
    from ..image_processing_utils import BaseImageProcessor
  File "/Users/chandrashekargattu/.pyenv/versions/3.10.13/lib/python3.10/site-packages/transformers/image_processing_utils.py", line 22, in <module>
    from .image_transforms import center_crop, normalize, rescale
  File "/Users/chandrashekargattu/.pyenv/versions/3.10.13/lib/python3.10/site-packages/transformers/image_transforms.py", line 48, in <module>
    import tensorflow as tf
  File "/Users/chandrashekargattu/.pyenv/versions/3.10.13/lib/python3.10/site-packages/tensorflow/__init__.py", line 48, in <module>
    from tensorflow._api.v2 import __internal__
  File "/Users/chandrashekargattu/.pyenv/versions/3.10.13/lib/python3.10/site-packages/tensorflow/_api/v2/__internal__/__init__.py", line 8, in <module>
    from tensorflow._api.v2.__internal__ import autograph
  File "/Users/chandrashekargattu/.pyenv/versions/3.10.13/lib/python3.10/site-packages/tensorflow/_api/v2/__internal__/autograph/__init__.py", line 8, in <module>
    from tensorflow.python.autograph.core.ag_ctx import control_status_ctx # line: 34
  File "/Users/chandrashekargattu/.pyenv/versions/3.10.13/lib/python3.10/site-packages/tensorflow/python/autograph/core/ag_ctx.py", line 21, in <module>
    from tensorflow.python.autograph.utils import ag_logging
  File "/Users/chandrashekargattu/.pyenv/versions/3.10.13/lib/python3.10/site-packages/tensorflow/python/autograph/utils/__init__.py", line 17, in <module>
    from tensorflow.python.autograph.utils.context_managers import control_dependency_on_returns
  File "/Users/chandrashekargattu/.pyenv/versions/3.10.13/lib/python3.10/site-packages/tensorflow/python/autograph/utils/context_managers.py", line 19, in <module>
    from tensorflow.python.framework import ops
  File "/Users/chandrashekargattu/.pyenv/versions/3.10.13/lib/python3.10/site-packages/tensorflow/python/framework/ops.py", line 45, in <module>
    from tensorflow.python.eager import context
  File "/Users/chandrashekargattu/.pyenv/versions/3.10.13/lib/python3.10/site-packages/tensorflow/python/eager/context.py", line 37, in <module>
    from tensorflow.python.eager import execute
  File "/Users/chandrashekargattu/.pyenv/versions/3.10.13/lib/python3.10/site-packages/tensorflow/python/eager/execute.py", line 21, in <module>
    from tensorflow.python.framework import dtypes
  File "/Users/chandrashekargattu/.pyenv/versions/3.10.13/lib/python3.10/site-packages/tensorflow/python/framework/dtypes.py", line 21, in <module>
    import ml_dtypes
  File "/Users/chandrashekargattu/.pyenv/versions/3.10.13/lib/python3.10/site-packages/ml_dtypes/__init__.py", line 32, in <module>
    from ml_dtypes._custom_floats import bfloat16
AttributeError: _ARRAY_API not found
ImportError: numpy.core._multiarray_umath failed to import
Process SpawnProcess-1:
Traceback (most recent call last):
  File "/Users/chandrashekargattu/.pyenv/versions/3.10.13/lib/python3.10/multiprocessing/process.py", line 314, in _bootstrap
    self.run()
  File "/Users/chandrashekargattu/.pyenv/versions/3.10.13/lib/python3.10/multiprocessing/process.py", line 108, in run
    self._target(*self._args, **self._kwargs)
  File "/Users/chandrashekargattu/.pyenv/versions/3.10.13/lib/python3.10/site-packages/uvicorn/_subprocess.py", line 80, in subprocess_started
    target(sockets=sockets)
  File "/Users/chandrashekargattu/.pyenv/versions/3.10.13/lib/python3.10/site-packages/uvicorn/server.py", line 67, in run
    return asyncio.run(self.serve(sockets=sockets))
  File "/Users/chandrashekargattu/.pyenv/versions/3.10.13/lib/python3.10/asyncio/runners.py", line 44, in run
    return loop.run_until_complete(main)
  File "uvloop/loop.pyx", line 1518, in uvloop.loop.Loop.run_until_complete
  File "/Users/chandrashekargattu/.pyenv/versions/3.10.13/lib/python3.10/site-packages/uvicorn/server.py", line 71, in serve
    await self._serve(sockets)
  File "/Users/chandrashekargattu/.pyenv/versions/3.10.13/lib/python3.10/site-packages/uvicorn/server.py", line 78, in _serve
    config.load()
  File "/Users/chandrashekargattu/.pyenv/versions/3.10.13/lib/python3.10/site-packages/uvicorn/config.py", line 436, in load
    self.loaded_app = import_from_string(self.app)
  File "/Users/chandrashekargattu/.pyenv/versions/3.10.13/lib/python3.10/site-packages/uvicorn/importer.py", line 19, in import_from_string
    module = importlib.import_module(module_str)
  File "/Users/chandrashekargattu/.pyenv/versions/3.10.13/lib/python3.10/importlib/__init__.py", line 126, in import_module
    return _bootstrap._gcd_import(name[level:], package, level)
  File "<frozen importlib._bootstrap>", line 1050, in _gcd_import
  File "<frozen importlib._bootstrap>", line 1027, in _find_and_load
  File "<frozen importlib._bootstrap>", line 1006, in _find_and_load_unlocked
  File "<frozen importlib._bootstrap>", line 688, in _load_unlocked
  File "<frozen importlib._bootstrap_external>", line 883, in exec_module
  File "<frozen importlib._bootstrap>", line 241, in _call_with_frames_removed
  File "/Users/chandrashekargattu/quantum-trading-ai/backend/app/main.py", line 12, in <module>
    from app.api.v1.api import api_router
  File "/Users/chandrashekargattu/quantum-trading-ai/backend/app/api/v1/api.py", line 22, in <module>
    from app.api.v1 import zerodha
  File "/Users/chandrashekargattu/quantum-trading-ai/backend/app/api/v1/zerodha.py", line 14, in <module>
    from app.services.loss_recovery_analyzer import LossRecoveryAnalyzer
  File "/Users/chandrashekargattu/quantum-trading-ai/backend/app/services/loss_recovery_analyzer.py", line 18, in <module>
    from app.services.gpt_market_analyzer import GPTMarketAnalyzerService
  File "/Users/chandrashekargattu/quantum-trading-ai/backend/app/services/gpt_market_analyzer.py", line 21, in <module>
    from transformers import pipeline
  File "/Users/chandrashekargattu/.pyenv/versions/3.10.13/lib/python3.10/site-packages/transformers/utils/import_utils.py", line 2292, in __getattr__
    module = self._get_module(self._class_to_module[name])
  File "/Users/chandrashekargattu/.pyenv/versions/3.10.13/lib/python3.10/site-packages/transformers/utils/import_utils.py", line 2322, in _get_module
    raise e
  File "/Users/chandrashekargattu/.pyenv/versions/3.10.13/lib/python3.10/site-packages/transformers/utils/import_utils.py", line 2320, in _get_module
    return importlib.import_module("." + module_name, self.__name__)
  File "/Users/chandrashekargattu/.pyenv/versions/3.10.13/lib/python3.10/importlib/__init__.py", line 126, in import_module
    return _bootstrap._gcd_import(name[level:], package, level)
  File "/Users/chandrashekargattu/.pyenv/versions/3.10.13/lib/python3.10/site-packages/transformers/pipelines/__init__.py", line 26, in <module>
    from ..image_processing_utils import BaseImageProcessor
  File "/Users/chandrashekargattu/.pyenv/versions/3.10.13/lib/python3.10/site-packages/transformers/image_processing_utils.py", line 22, in <module>
    from .image_transforms import center_crop, normalize, rescale
  File "/Users/chandrashekargattu/.pyenv/versions/3.10.13/lib/python3.10/site-packages/transformers/image_transforms.py", line 48, in <module>
    import tensorflow as tf
  File "/Users/chandrashekargattu/.pyenv/versions/3.10.13/lib/python3.10/site-packages/tensorflow/__init__.py", line 48, in <module>
    from tensorflow._api.v2 import __internal__
  File "/Users/chandrashekargattu/.pyenv/versions/3.10.13/lib/python3.10/site-packages/tensorflow/_api/v2/__internal__/__init__.py", line 8, in <module>
    from tensorflow._api.v2.__internal__ import autograph
  File "/Users/chandrashekargattu/.pyenv/versions/3.10.13/lib/python3.10/site-packages/tensorflow/_api/v2/__internal__/autograph/__init__.py", line 8, in <module>
    from tensorflow.python.autograph.core.ag_ctx import control_status_ctx # line: 34
  File "/Users/chandrashekargattu/.pyenv/versions/3.10.13/lib/python3.10/site-packages/tensorflow/python/autograph/core/ag_ctx.py", line 21, in <module>
    from tensorflow.python.autograph.utils import ag_logging
  File "/Users/chandrashekargattu/.pyenv/versions/3.10.13/lib/python3.10/site-packages/tensorflow/python/autograph/utils/__init__.py", line 17, in <module>
    from tensorflow.python.autograph.utils.context_managers import control_dependency_on_returns
  File "/Users/chandrashekargattu/.pyenv/versions/3.10.13/lib/python3.10/site-packages/tensorflow/python/autograph/utils/context_managers.py", line 19, in <module>
    from tensorflow.python.framework import ops
  File "/Users/chandrashekargattu/.pyenv/versions/3.10.13/lib/python3.10/site-packages/tensorflow/python/framework/ops.py", line 45, in <module>
    from tensorflow.python.eager import context
  File "/Users/chandrashekargattu/.pyenv/versions/3.10.13/lib/python3.10/site-packages/tensorflow/python/eager/context.py", line 37, in <module>
    from tensorflow.python.eager import execute
  File "/Users/chandrashekargattu/.pyenv/versions/3.10.13/lib/python3.10/site-packages/tensorflow/python/eager/execute.py", line 21, in <module>
    from tensorflow.python.framework import dtypes
  File "/Users/chandrashekargattu/.pyenv/versions/3.10.13/lib/python3.10/site-packages/tensorflow/python/framework/dtypes.py", line 21, in <module>
    import ml_dtypes
  File "/Users/chandrashekargattu/.pyenv/versions/3.10.13/lib/python3.10/site-packages/ml_dtypes/__init__.py", line 32, in <module>
    from ml_dtypes._custom_floats import bfloat16
ImportError: numpy.core.umath failed to import
INFO:     Stopping reloader process [89252]
